

Started GET "/" for 127.0.0.1 at 2020-05-06 12:32:21 +0530

ActiveRecord::PendingMigrationError (

Migrations are pending. To resolve this issue, run:

	bin/rake db:migrate RAILS_ENV=development

):
  activerecord (4.1.2) lib/active_record/migration.rb:389:in `check_pending!'
  activerecord (4.1.2) lib/active_record/migration.rb:377:in `call'
  actionpack (4.1.2) lib/action_dispatch/middleware/callbacks.rb:29:in `block in call'
  activesupport (4.1.2) lib/active_support/callbacks.rb:82:in `run_callbacks'
  actionpack (4.1.2) lib/action_dispatch/middleware/callbacks.rb:27:in `call'
  actionpack (4.1.2) lib/action_dispatch/middleware/reloader.rb:73:in `call'
  actionpack (4.1.2) lib/action_dispatch/middleware/remote_ip.rb:76:in `call'
  actionpack (4.1.2) lib/action_dispatch/middleware/debug_exceptions.rb:17:in `call'
  actionpack (4.1.2) lib/action_dispatch/middleware/show_exceptions.rb:30:in `call'
  railties (4.1.2) lib/rails/rack/logger.rb:38:in `call_app'
  railties (4.1.2) lib/rails/rack/logger.rb:20:in `block in call'
  activesupport (4.1.2) lib/active_support/tagged_logging.rb:68:in `block in tagged'
  activesupport (4.1.2) lib/active_support/tagged_logging.rb:26:in `tagged'
  activesupport (4.1.2) lib/active_support/tagged_logging.rb:68:in `tagged'
  railties (4.1.2) lib/rails/rack/logger.rb:20:in `call'
  actionpack (4.1.2) lib/action_dispatch/middleware/request_id.rb:21:in `call'
  rack (1.5.5) lib/rack/methodoverride.rb:21:in `call'
  rack (1.5.5) lib/rack/runtime.rb:17:in `call'
  activesupport (4.1.2) lib/active_support/cache/strategy/local_cache_middleware.rb:26:in `call'
  rack (1.5.5) lib/rack/lock.rb:17:in `call'
  actionpack (4.1.2) lib/action_dispatch/middleware/static.rb:64:in `call'
  rack (1.5.5) lib/rack/sendfile.rb:112:in `call'
  railties (4.1.2) lib/rails/engine.rb:514:in `call'
  railties (4.1.2) lib/rails/application.rb:144:in `call'
  rack (1.5.5) lib/rack/lock.rb:17:in `call'
  rack (1.5.5) lib/rack/content_length.rb:14:in `call'
  rack (1.5.5) lib/rack/handler/webrick.rb:60:in `service'
  /usr/share/rvm/rubies/ruby-2.3.1/lib/ruby/2.3.0/webrick/httpserver.rb:140:in `service'
  /usr/share/rvm/rubies/ruby-2.3.1/lib/ruby/2.3.0/webrick/httpserver.rb:96:in `run'
  /usr/share/rvm/rubies/ruby-2.3.1/lib/ruby/2.3.0/webrick/server.rb:296:in `block in start_thread'


  Rendered /home/sambhav/.rvm/gems/ruby-2.3.1/gems/actionpack-4.1.2/lib/action_dispatch/middleware/templates/rescues/_source.erb (0.7ms)
  Rendered /home/sambhav/.rvm/gems/ruby-2.3.1/gems/actionpack-4.1.2/lib/action_dispatch/middleware/templates/rescues/_trace.html.erb (1.6ms)
  Rendered /home/sambhav/.rvm/gems/ruby-2.3.1/gems/actionpack-4.1.2/lib/action_dispatch/middleware/templates/rescues/_request_and_response.html.erb (0.9ms)
  Rendered /home/sambhav/.rvm/gems/ruby-2.3.1/gems/actionpack-4.1.2/lib/action_dispatch/middleware/templates/rescues/diagnostics.erb within rescues/layout (28.7ms)
  [1m[36m (83.1ms)[0m  [1mCREATE TABLE "schema_migrations" ("version" varchar(255) NOT NULL) [0m
  [1m[35m (0.2ms)[0m  select sqlite_version(*)
  [1m[36m (88.8ms)[0m  [1mCREATE UNIQUE INDEX "unique_schema_migrations" ON "schema_migrations" ("version")[0m
  [1m[35mActiveRecord::SchemaMigration Load (0.3ms)[0m  SELECT "schema_migrations".* FROM "schema_migrations"
Migrating to CreateUrls (20200504114758)
  [1m[36m (0.2ms)[0m  [1mbegin transaction[0m
  [1m[35m (0.9ms)[0m  CREATE TABLE "urls" ("id" INTEGER PRIMARY KEY AUTOINCREMENT NOT NULL, "original" varchar(255), "checksum" varchar(255), "clicked" integer DEFAULT 0, "expired" boolean DEFAULT 'f', "expire_at" datetime, "created_at" datetime, "updated_at" datetime) 
  [1m[36mSQL (0.3ms)[0m  [1mINSERT INTO "schema_migrations" ("version") VALUES (?)[0m  [["version", "20200504114758"]]
  [1m[35m (89.8ms)[0m  commit transaction
  [1m[36mActiveRecord::SchemaMigration Load (0.2ms)[0m  [1mSELECT "schema_migrations".* FROM "schema_migrations"[0m


Started GET "/" for 127.0.0.1 at 2020-05-06 12:32:40 +0530
  [1m[36mActiveRecord::SchemaMigration Load (0.1ms)[0m  [1mSELECT "schema_migrations".* FROM "schema_migrations"[0m
Processing by UrlsController#new as HTML
  Rendered urls/new.html.haml within layouts/application (418.0ms)
Completed 200 OK in 1588ms (Views: 1584.9ms | ActiveRecord: 0.4ms)


Started POST "/urls" for 127.0.0.1 at 2020-05-06 12:32:48 +0530
Processing by UrlsController#create as JS
  Parameters: {"utf8"=>"✓", "url"=>{"original"=>"https://www.google.com/search?client=ubuntu&channel=fs&q=large+url&ie=utf-8&oe=utf-8"}, "commit"=>"Minify"}
  [1m[35m (0.2ms)[0m  begin transaction
  [1m[36mSQL (0.7ms)[0m  [1mINSERT INTO "urls" ("checksum", "created_at", "original", "updated_at") VALUES (?, ?, ?, ?)[0m  [["checksum", "byrcklrw"], ["created_at", "2020-05-06 07:02:48.276087"], ["original", "https://www.google.com/search?client=ubuntu&channel=fs&q=large+url&ie=utf-8&oe=utf-8"], ["updated_at", "2020-05-06 07:02:48.276087"]]
  [1m[35m (79.7ms)[0m  commit transaction
  [1m[36mSQL (67.5ms)[0m  [1mUPDATE "urls" SET "expire_at" = '2020-05-06 07:02:48.365477' WHERE "urls"."id" = 1[0m
  Rendered urls/create.js.haml (4.3ms)
Completed 200 OK in 188ms (Views: 18.3ms | ActiveRecord: 148.1ms)


Started GET "/" for 127.0.0.1 at 2020-05-06 12:36:18 +0530
Processing by UrlsController#new as HTML
  Rendered urls/new.html.haml within layouts/application (1.0ms)
Completed 200 OK in 21ms (Views: 21.0ms | ActiveRecord: 0.0ms)


Started POST "/urls" for 127.0.0.1 at 2020-05-06 12:36:20 +0530
Processing by UrlsController#create as JS
  Parameters: {"utf8"=>"✓", "url"=>{"original"=>""}, "commit"=>"Minify"}
  [1m[35m (0.1ms)[0m  begin transaction
  [1m[36mSQL (0.2ms)[0m  [1mINSERT INTO "urls" ("checksum", "created_at", "original", "updated_at") VALUES (?, ?, ?, ?)[0m  [["checksum", "b6lnkdni"], ["created_at", "2020-05-06 07:06:20.716689"], ["original", ""], ["updated_at", "2020-05-06 07:06:20.716689"]]
  [1m[35m (731.1ms)[0m  commit transaction
  [1m[36mSQL (63.7ms)[0m  [1mUPDATE "urls" SET "expire_at" = '2020-05-06 07:06:21.449544' WHERE "urls"."id" = 2[0m
  Rendered urls/create.js.haml (0.3ms)
Completed 200 OK in 803ms (Views: 4.7ms | ActiveRecord: 795.1ms)


Started POST "/urls" for 127.0.0.1 at 2020-05-06 12:36:21 +0530
Processing by UrlsController#create as JS
  Parameters: {"utf8"=>"✓", "url"=>{"original"=>""}, "commit"=>"Minify"}
  [1m[35m (0.1ms)[0m  begin transaction
  [1m[36mSQL (0.2ms)[0m  [1mINSERT INTO "urls" ("checksum", "created_at", "original", "updated_at") VALUES (?, ?, ?, ?)[0m  [["checksum", "o4azhpqk"], ["created_at", "2020-05-06 07:06:21.527391"], ["original", ""], ["updated_at", "2020-05-06 07:06:21.527391"]]
  [1m[35m (64.2ms)[0m  commit transaction
  [1m[36mSQL (66.2ms)[0m  [1mUPDATE "urls" SET "expire_at" = '2020-05-06 07:06:21.593001' WHERE "urls"."id" = 3[0m
  Rendered urls/create.js.haml (0.6ms)
Completed 200 OK in 145ms (Views: 11.5ms | ActiveRecord: 130.6ms)


Started POST "/urls" for 127.0.0.1 at 2020-05-06 12:36:21 +0530
Processing by UrlsController#create as JS
  Parameters: {"utf8"=>"✓", "url"=>{"original"=>""}, "commit"=>"Minify"}
  [1m[35m (0.2ms)[0m  begin transaction
  [1m[36mSQL (0.4ms)[0m  [1mINSERT INTO "urls" ("checksum", "created_at", "original", "updated_at") VALUES (?, ?, ?, ?)[0m  [["checksum", "h10nhnhk"], ["created_at", "2020-05-06 07:06:21.681072"], ["original", ""], ["updated_at", "2020-05-06 07:06:21.681072"]]
  [1m[35m (64.9ms)[0m  commit transaction
  [1m[36mSQL (66.1ms)[0m  [1mUPDATE "urls" SET "expire_at" = '2020-05-06 07:06:21.749251' WHERE "urls"."id" = 4[0m
  Rendered urls/create.js.haml (0.7ms)
Completed 200 OK in 149ms (Views: 10.8ms | ActiveRecord: 131.6ms)


Started POST "/urls" for 127.0.0.1 at 2020-05-06 12:36:25 +0530
Processing by UrlsController#create as JS
  Parameters: {"utf8"=>"✓", "url"=>{"original"=>""}, "commit"=>"Minify"}
  [1m[35m (0.1ms)[0m  begin transaction
  [1m[36mSQL (0.2ms)[0m  [1mINSERT INTO "urls" ("checksum", "created_at", "original", "updated_at") VALUES (?, ?, ?, ?)[0m  [["checksum", "qu6rbl9t"], ["created_at", "2020-05-06 07:06:25.220484"], ["original", ""], ["updated_at", "2020-05-06 07:06:25.220484"]]
  [1m[35m (180.4ms)[0m  commit transaction
  [1m[36mSQL (66.1ms)[0m  [1mUPDATE "urls" SET "expire_at" = '2020-05-06 07:06:25.402156' WHERE "urls"."id" = 5[0m
  Rendered urls/create.js.haml (0.8ms)
Completed 200 OK in 261ms (Views: 11.0ms | ActiveRecord: 246.8ms)


Started POST "/urls" for 127.0.0.1 at 2020-05-06 12:36:26 +0530
Processing by UrlsController#create as JS
  Parameters: {"utf8"=>"✓", "url"=>{"original"=>""}, "commit"=>"Minify"}
  [1m[35m (0.1ms)[0m  begin transaction
  [1m[36mSQL (0.2ms)[0m  [1mINSERT INTO "urls" ("checksum", "created_at", "original", "updated_at") VALUES (?, ?, ?, ?)[0m  [["checksum", "20ltebju"], ["created_at", "2020-05-06 07:06:26.196825"], ["original", ""], ["updated_at", "2020-05-06 07:06:26.196825"]]
  [1m[35m (85.9ms)[0m  commit transaction
  [1m[36mSQL (65.1ms)[0m  [1mUPDATE "urls" SET "expire_at" = '2020-05-06 07:06:26.284036' WHERE "urls"."id" = 6[0m
  Rendered urls/create.js.haml (0.7ms)
Completed 200 OK in 166ms (Views: 10.9ms | ActiveRecord: 151.2ms)


Started POST "/urls" for 127.0.0.1 at 2020-05-06 12:36:26 +0530
Processing by UrlsController#create as JS
  Parameters: {"utf8"=>"✓", "url"=>{"original"=>""}, "commit"=>"Minify"}
  [1m[35m (0.1ms)[0m  begin transaction
  [1m[36mSQL (0.2ms)[0m  [1mINSERT INTO "urls" ("checksum", "created_at", "original", "updated_at") VALUES (?, ?, ?, ?)[0m  [["checksum", "l2tvep8o"], ["created_at", "2020-05-06 07:06:26.952098"], ["original", ""], ["updated_at", "2020-05-06 07:06:26.952098"]]
  [1m[35m (79.8ms)[0m  commit transaction
  [1m[36mSQL (66.0ms)[0m  [1mUPDATE "urls" SET "expire_at" = '2020-05-06 07:06:27.033269' WHERE "urls"."id" = 7[0m
  Rendered urls/create.js.haml (0.6ms)
Completed 200 OK in 159ms (Views: 10.4ms | ActiveRecord: 146.0ms)


Started POST "/urls" for 127.0.0.1 at 2020-05-06 12:36:27 +0530
Processing by UrlsController#create as JS
  Parameters: {"utf8"=>"✓", "url"=>{"original"=>""}, "commit"=>"Minify"}
  [1m[35m (0.1ms)[0m  begin transaction
  [1m[36mSQL (0.2ms)[0m  [1mINSERT INTO "urls" ("checksum", "created_at", "original", "updated_at") VALUES (?, ?, ?, ?)[0m  [["checksum", "q2ajibf7"], ["created_at", "2020-05-06 07:06:27.584137"], ["original", ""], ["updated_at", "2020-05-06 07:06:27.584137"]]
  [1m[35m (76.7ms)[0m  commit transaction
  [1m[36mSQL (65.9ms)[0m  [1mUPDATE "urls" SET "expire_at" = '2020-05-06 07:06:27.662417' WHERE "urls"."id" = 8[0m
  Rendered urls/create.js.haml (0.6ms)
Completed 200 OK in 157ms (Views: 10.6ms | ActiveRecord: 142.9ms)


Started GET "/" for 127.0.0.1 at 2020-05-06 12:36:46 +0530
Processing by UrlsController#new as HTML
  Rendered urls/new.html.haml within layouts/application (1.0ms)
Completed 200 OK in 21ms (Views: 21.2ms | ActiveRecord: 0.0ms)


Started GET "/" for 127.0.0.1 at 2020-05-06 12:37:13 +0530
  [1m[36mActiveRecord::SchemaMigration Load (0.1ms)[0m  [1mSELECT "schema_migrations".* FROM "schema_migrations"[0m
Processing by UrlsController#new as HTML
  Rendered urls/new.html.haml within layouts/application (15.1ms)
Completed 200 OK in 248ms (Views: 245.4ms | ActiveRecord: 0.4ms)


Started GET "/" for 127.0.0.1 at 2020-05-06 12:37:29 +0530
Processing by UrlsController#new as HTML
  Rendered urls/new.html.haml within layouts/application (1.6ms)
Completed 200 OK in 42ms (Views: 41.2ms | ActiveRecord: 0.0ms)


Started GET "/" for 127.0.0.1 at 2020-05-06 12:40:46 +0530
Processing by UrlsController#new as HTML
  Rendered urls/new.html.haml within layouts/application (7.0ms)
Completed 200 OK in 29ms (Views: 26.5ms | ActiveRecord: 0.5ms)


Started POST "/urls" for 127.0.0.1 at 2020-05-06 12:40:48 +0530
Processing by UrlsController#create as JS
  Parameters: {"utf8"=>"✓", "url"=>{"original"=>""}, "commit"=>"Minify"}
  [1m[35m (0.1ms)[0m  begin transaction
  [1m[36mSQL (0.3ms)[0m  [1mINSERT INTO "urls" ("checksum", "created_at", "original", "updated_at") VALUES (?, ?, ?, ?)[0m  [["checksum", "5oflvpti"], ["created_at", "2020-05-06 07:10:48.951958"], ["original", ""], ["updated_at", "2020-05-06 07:10:48.951958"]]
  [1m[35m (132.7ms)[0m  commit transaction
  Rendered urls/create.js.haml (4.9ms)
Completed 200 OK in 154ms (Views: 16.4ms | ActiveRecord: 133.1ms)


Started POST "/urls" for 127.0.0.1 at 2020-05-06 12:40:54 +0530
Processing by UrlsController#create as JS
  Parameters: {"utf8"=>"✓", "url"=>{"original"=>"https://www.google.com/search?client=ubuntu&channel=fs&q=large+url&ie=utf-8&oe=utf-8"}, "commit"=>"Minify"}
  [1m[36m (0.1ms)[0m  [1mbegin transaction[0m
  [1m[35mSQL (0.2ms)[0m  INSERT INTO "urls" ("checksum", "created_at", "original", "updated_at") VALUES (?, ?, ?, ?)  [["checksum", "iypud51x"], ["created_at", "2020-05-06 07:10:54.477261"], ["original", "https://www.google.com/search?client=ubuntu&channel=fs&q=large+url&ie=utf-8&oe=utf-8"], ["updated_at", "2020-05-06 07:10:54.477261"]]
  [1m[36m (373.4ms)[0m  [1mcommit transaction[0m
  Rendered urls/create.js.haml (0.9ms)
Completed 200 OK in 387ms (Views: 11.5ms | ActiveRecord: 373.7ms)


Started POST "/urls" for 127.0.0.1 at 2020-05-06 12:41:08 +0530
Processing by UrlsController#create as JS
  Parameters: {"utf8"=>"✓", "url"=>{"original"=>"https://www.google.com/search?client=ubuntu&channel=fs&q=large+url&ie=utf-8&oe=utf-8"}, "commit"=>"Minify"}
  [1m[35m (0.1ms)[0m  begin transaction
  [1m[36mSQL (0.2ms)[0m  [1mINSERT INTO "urls" ("checksum", "created_at", "original", "updated_at") VALUES (?, ?, ?, ?)[0m  [["checksum", "veec3q56"], ["created_at", "2020-05-06 07:11:08.483479"], ["original", "https://www.google.com/search?client=ubuntu&channel=fs&q=large+url&ie=utf-8&oe=utf-8"], ["updated_at", "2020-05-06 07:11:08.483479"]]
  [1m[35m (902.5ms)[0m  commit transaction
  Rendered urls/create.js.haml (4.6ms)
Completed 200 OK in 921ms (Views: 15.8ms | ActiveRecord: 902.9ms)


Started GET "/" for 127.0.0.1 at 2020-05-06 12:41:10 +0530
Processing by UrlsController#new as HTML
  Rendered urls/new.html.haml within layouts/application (2.0ms)
Completed 200 OK in 26ms (Views: 25.6ms | ActiveRecord: 0.0ms)


Started POST "/urls" for 127.0.0.1 at 2020-05-06 12:41:12 +0530
Processing by UrlsController#create as JS
  Parameters: {"utf8"=>"✓", "url"=>{"original"=>""}, "commit"=>"Minify"}
  [1m[36m (0.1ms)[0m  [1mbegin transaction[0m
  [1m[35mSQL (0.2ms)[0m  INSERT INTO "urls" ("checksum", "created_at", "original", "updated_at") VALUES (?, ?, ?, ?)  [["checksum", "h8dty6wp"], ["created_at", "2020-05-06 07:11:12.850553"], ["original", ""], ["updated_at", "2020-05-06 07:11:12.850553"]]
  [1m[36m (133.9ms)[0m  [1mcommit transaction[0m
  Rendered urls/create.js.haml (0.6ms)
Completed 200 OK in 147ms (Views: 10.6ms | ActiveRecord: 134.1ms)


Started POST "/urls" for 127.0.0.1 at 2020-05-06 12:41:17 +0530
Processing by UrlsController#create as JS
  Parameters: {"utf8"=>"✓", "url"=>{"original"=>"dfdsfssdfd"}, "commit"=>"Minify"}
  [1m[35m (0.1ms)[0m  begin transaction
  [1m[36mSQL (0.2ms)[0m  [1mINSERT INTO "urls" ("checksum", "created_at", "original", "updated_at") VALUES (?, ?, ?, ?)[0m  [["checksum", "2mbneyuk"], ["created_at", "2020-05-06 07:11:17.610719"], ["original", "dfdsfssdfd"], ["updated_at", "2020-05-06 07:11:17.610719"]]
  [1m[35m (170.3ms)[0m  commit transaction
  Rendered urls/create.js.haml (0.7ms)
Completed 200 OK in 183ms (Views: 10.7ms | ActiveRecord: 170.6ms)


Started GET "/" for 127.0.0.1 at 2020-05-06 12:45:20 +0530
Processing by UrlsController#new as HTML
  Rendered urls/new.html.haml within layouts/application (3.8ms)
Completed 200 OK in 23ms (Views: 23.2ms | ActiveRecord: 0.0ms)


Started POST "/urls" for 127.0.0.1 at 2020-05-06 12:45:25 +0530
Processing by UrlsController#create as JS
  Parameters: {"utf8"=>"✓", "url"=>{"original"=>"https://www.google.com/search?client=ubuntu&channel=fs&q=large+url&ie=utf-8&oe=utf-8"}, "commit"=>"Minify"}
  [1m[36m (0.1ms)[0m  [1mbegin transaction[0m
  [1m[35mSQL (0.2ms)[0m  INSERT INTO "urls" ("checksum", "created_at", "original", "updated_at") VALUES (?, ?, ?, ?)  [["checksum", "paaqw9en"], ["created_at", "2020-05-06 07:15:25.545086"], ["original", "https://www.google.com/search?client=ubuntu&channel=fs&q=large+url&ie=utf-8&oe=utf-8"], ["updated_at", "2020-05-06 07:15:25.545086"]]
  [1m[36m (403.7ms)[0m  [1mcommit transaction[0m
  Rendered urls/_minified_url.html.haml (4.2ms)
  Rendered urls/create.js.haml (55.5ms)
Completed 200 OK in 468ms (Views: 62.5ms | ActiveRecord: 404.0ms)


Started POST "/urls" for 127.0.0.1 at 2020-05-06 12:45:26 +0530
Processing by UrlsController#create as JS
  Parameters: {"utf8"=>"✓", "url"=>{"original"=>"https://www.google.com/search?client=ubuntu&channel=fs&q=large+url&ie=utf-8&oe=utf-8"}, "commit"=>"Minify"}
  [1m[35m (0.1ms)[0m  begin transaction
  [1m[36mSQL (0.2ms)[0m  [1mINSERT INTO "urls" ("checksum", "created_at", "original", "updated_at") VALUES (?, ?, ?, ?)[0m  [["checksum", "p9ftmxor"], ["created_at", "2020-05-06 07:15:26.315697"], ["original", "https://www.google.com/search?client=ubuntu&channel=fs&q=large+url&ie=utf-8&oe=utf-8"], ["updated_at", "2020-05-06 07:15:26.315697"]]
  [1m[35m (1017.2ms)[0m  commit transaction
  Rendered urls/_minified_url.html.haml (0.3ms)
  Rendered urls/create.js.haml (4.0ms)
Completed 200 OK in 1031ms (Views: 11.2ms | ActiveRecord: 1017.5ms)


Started POST "/urls" for 127.0.0.1 at 2020-05-06 12:45:27 +0530
Processing by UrlsController#create as JS
  Parameters: {"utf8"=>"✓", "url"=>{"original"=>"https://www.google.com/search?client=ubuntu&channel=fs&q=large+url&ie=utf-8&oe=utf-8"}, "commit"=>"Minify"}
  [1m[36m (0.1ms)[0m  [1mbegin transaction[0m
  [1m[35mSQL (0.3ms)[0m  INSERT INTO "urls" ("checksum", "created_at", "original", "updated_at") VALUES (?, ?, ?, ?)  [["checksum", "aajfdsmc"], ["created_at", "2020-05-06 07:15:27.606937"], ["original", "https://www.google.com/search?client=ubuntu&channel=fs&q=large+url&ie=utf-8&oe=utf-8"], ["updated_at", "2020-05-06 07:15:27.606937"]]
  [1m[36m (110.7ms)[0m  [1mcommit transaction[0m
  Rendered urls/_minified_url.html.haml (0.6ms)
  Rendered urls/create.js.haml (10.1ms)
Completed 200 OK in 134ms (Views: 20.2ms | ActiveRecord: 111.1ms)


Started POST "/urls" for 127.0.0.1 at 2020-05-06 12:45:29 +0530
Processing by UrlsController#create as JS
  Parameters: {"utf8"=>"✓", "url"=>{"original"=>"https://www.google.com/search?client=ubuntu&channel=fs&q=large+url&ie=utf-8&oe=utf-8"}, "commit"=>"Minify"}
  [1m[35m (0.1ms)[0m  begin transaction
  [1m[36mSQL (0.2ms)[0m  [1mINSERT INTO "urls" ("checksum", "created_at", "original", "updated_at") VALUES (?, ?, ?, ?)[0m  [["checksum", "8exyvll4"], ["created_at", "2020-05-06 07:15:29.013295"], ["original", "https://www.google.com/search?client=ubuntu&channel=fs&q=large+url&ie=utf-8&oe=utf-8"], ["updated_at", "2020-05-06 07:15:29.013295"]]
  [1m[35m (397.3ms)[0m  commit transaction
  Rendered urls/_minified_url.html.haml (0.3ms)
  Rendered urls/create.js.haml (3.7ms)
Completed 200 OK in 410ms (Views: 10.4ms | ActiveRecord: 397.6ms)


Started GET "/" for 127.0.0.1 at 2020-05-06 12:46:35 +0530
Processing by UrlsController#new as HTML
  Rendered urls/new.html.haml within layouts/application (1.0ms)
Completed 200 OK in 22ms (Views: 21.7ms | ActiveRecord: 0.0ms)


Started POST "/urls" for 127.0.0.1 at 2020-05-06 12:46:41 +0530
Processing by UrlsController#create as JS
  Parameters: {"utf8"=>"✓", "url"=>{"original"=>"https://www.google.com/search?client=ubuntu&channel=fs&q=large+url&ie=utf-8&oe=utf-8"}, "commit"=>"Minify"}
  [1m[36m (0.1ms)[0m  [1mbegin transaction[0m
  [1m[35mSQL (0.2ms)[0m  INSERT INTO "urls" ("checksum", "created_at", "original", "updated_at") VALUES (?, ?, ?, ?)  [["checksum", "jaftk9qi"], ["created_at", "2020-05-06 07:16:41.168275"], ["original", "https://www.google.com/search?client=ubuntu&channel=fs&q=large+url&ie=utf-8&oe=utf-8"], ["updated_at", "2020-05-06 07:16:41.168275"]]
  [1m[36m (206.9ms)[0m  [1mcommit transaction[0m
  Rendered urls/_minified_url.html.haml (4.8ms)
  Rendered urls/create.js.haml (14.2ms)
Completed 200 OK in 233ms (Views: 24.2ms | ActiveRecord: 207.1ms)


Started GET "/" for 127.0.0.1 at 2020-05-06 12:46:52 +0530
Processing by UrlsController#new as HTML
  Rendered urls/new.html.haml within layouts/application (1.2ms)
Completed 200 OK in 32ms (Views: 31.9ms | ActiveRecord: 0.0ms)


Started POST "/urls" for 127.0.0.1 at 2020-05-06 12:46:55 +0530
Processing by UrlsController#create as JS
  Parameters: {"utf8"=>"✓", "url"=>{"original"=>""}, "commit"=>"Minify"}
  [1m[35m (0.1ms)[0m  begin transaction
  [1m[36mSQL (0.2ms)[0m  [1mINSERT INTO "urls" ("checksum", "created_at", "original", "updated_at") VALUES (?, ?, ?, ?)[0m  [["checksum", "9r4hm5al"], ["created_at", "2020-05-06 07:16:55.045358"], ["original", ""], ["updated_at", "2020-05-06 07:16:55.045358"]]
  [1m[35m (71.1ms)[0m  commit transaction
  Rendered urls/_minified_url.html.haml (4.8ms)
  Rendered urls/create.js.haml (13.5ms)
Completed 200 OK in 97ms (Views: 23.5ms | ActiveRecord: 71.3ms)


Started POST "/urls" for 127.0.0.1 at 2020-05-06 12:46:56 +0530
Processing by UrlsController#create as JS
  Parameters: {"utf8"=>"✓", "url"=>{"original"=>""}, "commit"=>"Minify"}
  [1m[36m (0.1ms)[0m  [1mbegin transaction[0m
  [1m[35mSQL (0.2ms)[0m  INSERT INTO "urls" ("checksum", "created_at", "original", "updated_at") VALUES (?, ?, ?, ?)  [["checksum", "iqtn2onk"], ["created_at", "2020-05-06 07:16:56.855823"], ["original", ""], ["updated_at", "2020-05-06 07:16:56.855823"]]
  [1m[36m (296.2ms)[0m  [1mcommit transaction[0m
  Rendered urls/_minified_url.html.haml (0.3ms)
  Rendered urls/create.js.haml (3.7ms)
Completed 200 OK in 309ms (Views: 10.4ms | ActiveRecord: 296.5ms)


Started POST "/urls" for 127.0.0.1 at 2020-05-06 12:47:02 +0530
Processing by UrlsController#create as JS
  Parameters: {"utf8"=>"✓", "url"=>{"original"=>"dfdsfssdfd"}, "commit"=>"Minify"}
  [1m[35m (0.1ms)[0m  begin transaction
  [1m[36mSQL (0.2ms)[0m  [1mINSERT INTO "urls" ("checksum", "created_at", "original", "updated_at") VALUES (?, ?, ?, ?)[0m  [["checksum", "86dn4rdi"], ["created_at", "2020-05-06 07:17:02.773583"], ["original", "dfdsfssdfd"], ["updated_at", "2020-05-06 07:17:02.773583"]]
  [1m[35m (691.7ms)[0m  commit transaction
  Rendered urls/_minified_url.html.haml (0.5ms)
  Rendered urls/create.js.haml (4.2ms)
Completed 200 OK in 705ms (Views: 11.1ms | ActiveRecord: 692.0ms)


Started GET "/86dn4rdi" for 127.0.0.1 at 2020-05-06 12:47:09 +0530

AbstractController::ActionNotFound (The action 'show' could not be found for UrlsController):
  actionpack (4.1.2) lib/abstract_controller/base.rb:131:in `process'
  actionview (4.1.2) lib/action_view/rendering.rb:30:in `process'
  actionpack (4.1.2) lib/action_controller/metal.rb:196:in `dispatch'
  actionpack (4.1.2) lib/action_controller/metal/rack_delegation.rb:13:in `dispatch'
  actionpack (4.1.2) lib/action_controller/metal.rb:232:in `block in action'
  actionpack (4.1.2) lib/action_dispatch/routing/route_set.rb:82:in `dispatch'
  actionpack (4.1.2) lib/action_dispatch/routing/route_set.rb:50:in `call'
  actionpack (4.1.2) lib/action_dispatch/journey/router.rb:71:in `block in call'
  actionpack (4.1.2) lib/action_dispatch/journey/router.rb:59:in `each'
  actionpack (4.1.2) lib/action_dispatch/journey/router.rb:59:in `call'
  actionpack (4.1.2) lib/action_dispatch/routing/route_set.rb:678:in `call'
  rack (1.5.5) lib/rack/etag.rb:23:in `call'
  rack (1.5.5) lib/rack/conditionalget.rb:25:in `call'
  rack (1.5.5) lib/rack/head.rb:11:in `call'
  actionpack (4.1.2) lib/action_dispatch/middleware/params_parser.rb:27:in `call'
  actionpack (4.1.2) lib/action_dispatch/middleware/flash.rb:254:in `call'
  rack (1.5.5) lib/rack/session/abstract/id.rb:225:in `context'
  rack (1.5.5) lib/rack/session/abstract/id.rb:220:in `call'
  actionpack (4.1.2) lib/action_dispatch/middleware/cookies.rb:560:in `call'
  activerecord (4.1.2) lib/active_record/query_cache.rb:36:in `call'
  activerecord (4.1.2) lib/active_record/connection_adapters/abstract/connection_pool.rb:621:in `call'
  activerecord (4.1.2) lib/active_record/migration.rb:380:in `call'
  actionpack (4.1.2) lib/action_dispatch/middleware/callbacks.rb:29:in `block in call'
  activesupport (4.1.2) lib/active_support/callbacks.rb:82:in `run_callbacks'
  actionpack (4.1.2) lib/action_dispatch/middleware/callbacks.rb:27:in `call'
  actionpack (4.1.2) lib/action_dispatch/middleware/reloader.rb:73:in `call'
  actionpack (4.1.2) lib/action_dispatch/middleware/remote_ip.rb:76:in `call'
  actionpack (4.1.2) lib/action_dispatch/middleware/debug_exceptions.rb:17:in `call'
  actionpack (4.1.2) lib/action_dispatch/middleware/show_exceptions.rb:30:in `call'
  railties (4.1.2) lib/rails/rack/logger.rb:38:in `call_app'
  railties (4.1.2) lib/rails/rack/logger.rb:20:in `block in call'
  activesupport (4.1.2) lib/active_support/tagged_logging.rb:68:in `block in tagged'
  activesupport (4.1.2) lib/active_support/tagged_logging.rb:26:in `tagged'
  activesupport (4.1.2) lib/active_support/tagged_logging.rb:68:in `tagged'
  railties (4.1.2) lib/rails/rack/logger.rb:20:in `call'
  actionpack (4.1.2) lib/action_dispatch/middleware/request_id.rb:21:in `call'
  rack (1.5.5) lib/rack/methodoverride.rb:21:in `call'
  rack (1.5.5) lib/rack/runtime.rb:17:in `call'
  activesupport (4.1.2) lib/active_support/cache/strategy/local_cache_middleware.rb:26:in `call'
  rack (1.5.5) lib/rack/lock.rb:17:in `call'
  actionpack (4.1.2) lib/action_dispatch/middleware/static.rb:64:in `call'
  rack (1.5.5) lib/rack/sendfile.rb:112:in `call'
  railties (4.1.2) lib/rails/engine.rb:514:in `call'
  railties (4.1.2) lib/rails/application.rb:144:in `call'
  rack (1.5.5) lib/rack/lock.rb:17:in `call'
  rack (1.5.5) lib/rack/content_length.rb:14:in `call'
  rack (1.5.5) lib/rack/handler/webrick.rb:60:in `service'
  /usr/share/rvm/rubies/ruby-2.3.1/lib/ruby/2.3.0/webrick/httpserver.rb:140:in `service'
  /usr/share/rvm/rubies/ruby-2.3.1/lib/ruby/2.3.0/webrick/httpserver.rb:96:in `run'
  /usr/share/rvm/rubies/ruby-2.3.1/lib/ruby/2.3.0/webrick/server.rb:296:in `block in start_thread'


  Rendered /home/sambhav/.rvm/gems/ruby-2.3.1/gems/actionpack-4.1.2/lib/action_dispatch/middleware/templates/rescues/unknown_action.html.erb within rescues/layout (0.8ms)


Started GET "/" for 127.0.0.1 at 2020-05-06 12:50:49 +0530
Processing by UrlsController#new as HTML
  Rendered urls/new.html.haml within layouts/application (4.2ms)
Completed 200 OK in 28ms (Views: 24.8ms | ActiveRecord: 0.5ms)


Started GET "/assets/application.self-3afaab9b30d7ced1287b89b3c811bdd5df225185aadfac69d243d9a7f866faf4.css?body=1" for 127.0.0.1 at 2020-05-06 12:50:49 +0530


Started POST "/urls" for 127.0.0.1 at 2020-05-06 12:50:51 +0530
Processing by UrlsController#create as JS
  Parameters: {"utf8"=>"✓", "url"=>{"original"=>""}, "commit"=>"Minify"}
  [1m[36m (0.1ms)[0m  [1mbegin transaction[0m
  [1m[35mSQL (0.3ms)[0m  INSERT INTO "urls" ("checksum", "created_at", "original", "updated_at") VALUES (?, ?, ?, ?)  [["checksum", "rtfxqve8"], ["created_at", "2020-05-06 07:20:51.874618"], ["original", ""], ["updated_at", "2020-05-06 07:20:51.874618"]]
  [1m[36m (103.1ms)[0m  [1mcommit transaction[0m
  Rendered urls/_minified_url.html.haml (5.7ms)
  Rendered urls/create.js.haml (14.3ms)
Completed 200 OK in 131ms (Views: 25.1ms | ActiveRecord: 103.4ms)


Started POST "/urls" for 127.0.0.1 at 2020-05-06 12:50:53 +0530
Processing by UrlsController#create as JS
  Parameters: {"utf8"=>"✓", "url"=>{"original"=>""}, "commit"=>"Minify"}
  [1m[35m (0.1ms)[0m  begin transaction
  [1m[36mSQL (0.3ms)[0m  [1mINSERT INTO "urls" ("checksum", "created_at", "original", "updated_at") VALUES (?, ?, ?, ?)[0m  [["checksum", "ewjhw9bx"], ["created_at", "2020-05-06 07:20:53.895722"], ["original", ""], ["updated_at", "2020-05-06 07:20:53.895722"]]
  [1m[35m (425.3ms)[0m  commit transaction
  Rendered urls/_minified_url.html.haml (0.3ms)
  Rendered urls/create.js.haml (3.9ms)
Completed 200 OK in 439ms (Views: 10.8ms | ActiveRecord: 425.7ms)


Started POST "/urls" for 127.0.0.1 at 2020-05-06 12:50:54 +0530
Processing by UrlsController#create as JS
  Parameters: {"utf8"=>"✓", "url"=>{"original"=>""}, "commit"=>"Minify"}
  [1m[36m (0.3ms)[0m  [1mbegin transaction[0m
  [1m[35mSQL (0.6ms)[0m  INSERT INTO "urls" ("checksum", "created_at", "original", "updated_at") VALUES (?, ?, ?, ?)  [["checksum", "u3wjj3kh"], ["created_at", "2020-05-06 07:20:54.618780"], ["original", ""], ["updated_at", "2020-05-06 07:20:54.618780"]]
  [1m[36m (76.1ms)[0m  [1mcommit transaction[0m
  Rendered urls/_minified_url.html.haml (0.6ms)
  Rendered urls/create.js.haml (9.4ms)
Completed 200 OK in 103ms (Views: 22.4ms | ActiveRecord: 77.0ms)


Started POST "/urls" for 127.0.0.1 at 2020-05-06 12:52:32 +0530
Processing by UrlsController#create as JS
  Parameters: {"utf8"=>"✓", "url"=>{"original"=>""}, "commit"=>"Minify"}
  [1m[35m (0.1ms)[0m  begin transaction
  [1m[36m (0.0ms)[0m  [1mrollback transaction[0m
  Rendered urls/_minified_url.html.haml (3.6ms)
  Rendered urls/create.js.haml (7.6ms)
Completed 500 Internal Server Error in 20ms

ActionView::Template::Error (No route matches {:action=>"show", :checksum=>nil, :controller=>"urls"} missing required keys: [:checksum]):
    2:   %p #{@url.errors.full_messages}
    3: - else
    4:   %p Here is your minified url
    5:   .bold= @url.minify
  app/models/url.rb:8:in `minify'
  app/views/urls/_minified_url.html.haml:5:in `_app_views_urls__minified_url_html_haml___4199073821140190705_70326548300460'
  app/views/urls/create.js.haml:1:in `_app_views_urls_create_js_haml__1424941457842128912_70326550683480'


  Rendered /home/sambhav/.rvm/gems/ruby-2.3.1/gems/actionpack-4.1.2/lib/action_dispatch/middleware/templates/rescues/_trace.text.erb (0.6ms)
  Rendered /home/sambhav/.rvm/gems/ruby-2.3.1/gems/actionpack-4.1.2/lib/action_dispatch/middleware/templates/rescues/_request_and_response.text.erb (1.3ms)
  Rendered /home/sambhav/.rvm/gems/ruby-2.3.1/gems/actionpack-4.1.2/lib/action_dispatch/middleware/templates/rescues/template_error.text.erb (12.9ms)


Started POST "/urls" for 127.0.0.1 at 2020-05-06 12:52:34 +0530
Processing by UrlsController#create as JS
  Parameters: {"utf8"=>"✓", "url"=>{"original"=>""}, "commit"=>"Minify"}
  [1m[35m (0.1ms)[0m  begin transaction
  [1m[36m (0.0ms)[0m  [1mrollback transaction[0m
  Rendered urls/_minified_url.html.haml (3.8ms)
  Rendered urls/create.js.haml (7.7ms)
Completed 500 Internal Server Error in 13ms

ActionView::Template::Error (No route matches {:action=>"show", :checksum=>nil, :controller=>"urls"} missing required keys: [:checksum]):
    2:   %p #{@url.errors.full_messages}
    3: - else
    4:   %p Here is your minified url
    5:   .bold= @url.minify
  app/models/url.rb:8:in `minify'
  app/views/urls/_minified_url.html.haml:5:in `_app_views_urls__minified_url_html_haml___4199073821140190705_70326548300460'
  app/views/urls/create.js.haml:1:in `_app_views_urls_create_js_haml__1424941457842128912_70326550683480'


  Rendered /home/sambhav/.rvm/gems/ruby-2.3.1/gems/actionpack-4.1.2/lib/action_dispatch/middleware/templates/rescues/_trace.text.erb (0.8ms)
  Rendered /home/sambhav/.rvm/gems/ruby-2.3.1/gems/actionpack-4.1.2/lib/action_dispatch/middleware/templates/rescues/_request_and_response.text.erb (1.1ms)
  Rendered /home/sambhav/.rvm/gems/ruby-2.3.1/gems/actionpack-4.1.2/lib/action_dispatch/middleware/templates/rescues/template_error.text.erb (15.0ms)


Started POST "/urls" for 127.0.0.1 at 2020-05-06 12:52:35 +0530
Processing by UrlsController#create as JS
  Parameters: {"utf8"=>"✓", "url"=>{"original"=>""}, "commit"=>"Minify"}
  [1m[35m (0.2ms)[0m  begin transaction
  [1m[36m (0.1ms)[0m  [1mrollback transaction[0m
  Rendered urls/_minified_url.html.haml (5.7ms)
  Rendered urls/create.js.haml (12.5ms)
Completed 500 Internal Server Error in 21ms

ActionView::Template::Error (No route matches {:action=>"show", :checksum=>nil, :controller=>"urls"} missing required keys: [:checksum]):
    2:   %p #{@url.errors.full_messages}
    3: - else
    4:   %p Here is your minified url
    5:   .bold= @url.minify
  app/models/url.rb:8:in `minify'
  app/views/urls/_minified_url.html.haml:5:in `_app_views_urls__minified_url_html_haml___4199073821140190705_70326548300460'
  app/views/urls/create.js.haml:1:in `_app_views_urls_create_js_haml__1424941457842128912_70326550683480'


  Rendered /home/sambhav/.rvm/gems/ruby-2.3.1/gems/actionpack-4.1.2/lib/action_dispatch/middleware/templates/rescues/_trace.text.erb (0.6ms)
  Rendered /home/sambhav/.rvm/gems/ruby-2.3.1/gems/actionpack-4.1.2/lib/action_dispatch/middleware/templates/rescues/_request_and_response.text.erb (1.3ms)
  Rendered /home/sambhav/.rvm/gems/ruby-2.3.1/gems/actionpack-4.1.2/lib/action_dispatch/middleware/templates/rescues/template_error.text.erb (12.7ms)


Started POST "/urls" for 127.0.0.1 at 2020-05-06 12:52:35 +0530
Processing by UrlsController#create as JS
  Parameters: {"utf8"=>"✓", "url"=>{"original"=>""}, "commit"=>"Minify"}
  [1m[35m (0.1ms)[0m  begin transaction
  [1m[36m (0.1ms)[0m  [1mrollback transaction[0m
  Rendered urls/_minified_url.html.haml (4.3ms)
  Rendered urls/create.js.haml (8.1ms)
Completed 500 Internal Server Error in 15ms

ActionView::Template::Error (No route matches {:action=>"show", :checksum=>nil, :controller=>"urls"} missing required keys: [:checksum]):
    2:   %p #{@url.errors.full_messages}
    3: - else
    4:   %p Here is your minified url
    5:   .bold= @url.minify
  app/models/url.rb:8:in `minify'
  app/views/urls/_minified_url.html.haml:5:in `_app_views_urls__minified_url_html_haml___4199073821140190705_70326548300460'
  app/views/urls/create.js.haml:1:in `_app_views_urls_create_js_haml__1424941457842128912_70326550683480'


  Rendered /home/sambhav/.rvm/gems/ruby-2.3.1/gems/actionpack-4.1.2/lib/action_dispatch/middleware/templates/rescues/_trace.text.erb (1.4ms)
  Rendered /home/sambhav/.rvm/gems/ruby-2.3.1/gems/actionpack-4.1.2/lib/action_dispatch/middleware/templates/rescues/_request_and_response.text.erb (1.1ms)
  Rendered /home/sambhav/.rvm/gems/ruby-2.3.1/gems/actionpack-4.1.2/lib/action_dispatch/middleware/templates/rescues/template_error.text.erb (14.4ms)


Started POST "/urls" for 127.0.0.1 at 2020-05-06 12:52:35 +0530
Processing by UrlsController#create as JS
  Parameters: {"utf8"=>"✓", "url"=>{"original"=>""}, "commit"=>"Minify"}
  [1m[35m (0.1ms)[0m  begin transaction
  [1m[36m (0.1ms)[0m  [1mrollback transaction[0m
  Rendered urls/_minified_url.html.haml (4.1ms)
  Rendered urls/create.js.haml (8.2ms)
Completed 500 Internal Server Error in 15ms

ActionView::Template::Error (No route matches {:action=>"show", :checksum=>nil, :controller=>"urls"} missing required keys: [:checksum]):
    2:   %p #{@url.errors.full_messages}
    3: - else
    4:   %p Here is your minified url
    5:   .bold= @url.minify
  app/models/url.rb:8:in `minify'
  app/views/urls/_minified_url.html.haml:5:in `_app_views_urls__minified_url_html_haml___4199073821140190705_70326548300460'
  app/views/urls/create.js.haml:1:in `_app_views_urls_create_js_haml__1424941457842128912_70326550683480'


  Rendered /home/sambhav/.rvm/gems/ruby-2.3.1/gems/actionpack-4.1.2/lib/action_dispatch/middleware/templates/rescues/_trace.text.erb (1.0ms)
  Rendered /home/sambhav/.rvm/gems/ruby-2.3.1/gems/actionpack-4.1.2/lib/action_dispatch/middleware/templates/rescues/_request_and_response.text.erb (1.1ms)
  Rendered /home/sambhav/.rvm/gems/ruby-2.3.1/gems/actionpack-4.1.2/lib/action_dispatch/middleware/templates/rescues/template_error.text.erb (13.9ms)


Started POST "/urls" for 127.0.0.1 at 2020-05-06 12:52:36 +0530
Processing by UrlsController#create as JS
  Parameters: {"utf8"=>"✓", "url"=>{"original"=>""}, "commit"=>"Minify"}
  [1m[35m (0.1ms)[0m  begin transaction
  [1m[36m (0.1ms)[0m  [1mrollback transaction[0m
  Rendered urls/_minified_url.html.haml (4.0ms)
  Rendered urls/create.js.haml (8.6ms)
Completed 500 Internal Server Error in 21ms

ActionView::Template::Error (No route matches {:action=>"show", :checksum=>nil, :controller=>"urls"} missing required keys: [:checksum]):
    2:   %p #{@url.errors.full_messages}
    3: - else
    4:   %p Here is your minified url
    5:   .bold= @url.minify
  app/models/url.rb:8:in `minify'
  app/views/urls/_minified_url.html.haml:5:in `_app_views_urls__minified_url_html_haml___4199073821140190705_70326548300460'
  app/views/urls/create.js.haml:1:in `_app_views_urls_create_js_haml__1424941457842128912_70326550683480'


  Rendered /home/sambhav/.rvm/gems/ruby-2.3.1/gems/actionpack-4.1.2/lib/action_dispatch/middleware/templates/rescues/_trace.text.erb (0.5ms)
  Rendered /home/sambhav/.rvm/gems/ruby-2.3.1/gems/actionpack-4.1.2/lib/action_dispatch/middleware/templates/rescues/_request_and_response.text.erb (1.1ms)
  Rendered /home/sambhav/.rvm/gems/ruby-2.3.1/gems/actionpack-4.1.2/lib/action_dispatch/middleware/templates/rescues/template_error.text.erb (12.9ms)


Started POST "/urls" for 127.0.0.1 at 2020-05-06 12:52:36 +0530
Processing by UrlsController#create as JS
  Parameters: {"utf8"=>"✓", "url"=>{"original"=>""}, "commit"=>"Minify"}
  [1m[35m (0.1ms)[0m  begin transaction
  [1m[36m (0.0ms)[0m  [1mrollback transaction[0m
  Rendered urls/_minified_url.html.haml (3.9ms)
  Rendered urls/create.js.haml (7.5ms)
Completed 500 Internal Server Error in 13ms

ActionView::Template::Error (No route matches {:action=>"show", :checksum=>nil, :controller=>"urls"} missing required keys: [:checksum]):
    2:   %p #{@url.errors.full_messages}
    3: - else
    4:   %p Here is your minified url
    5:   .bold= @url.minify
  app/models/url.rb:8:in `minify'
  app/views/urls/_minified_url.html.haml:5:in `_app_views_urls__minified_url_html_haml___4199073821140190705_70326548300460'
  app/views/urls/create.js.haml:1:in `_app_views_urls_create_js_haml__1424941457842128912_70326550683480'


  Rendered /home/sambhav/.rvm/gems/ruby-2.3.1/gems/actionpack-4.1.2/lib/action_dispatch/middleware/templates/rescues/_trace.text.erb (0.7ms)
  Rendered /home/sambhav/.rvm/gems/ruby-2.3.1/gems/actionpack-4.1.2/lib/action_dispatch/middleware/templates/rescues/_request_and_response.text.erb (1.1ms)
  Rendered /home/sambhav/.rvm/gems/ruby-2.3.1/gems/actionpack-4.1.2/lib/action_dispatch/middleware/templates/rescues/template_error.text.erb (20.2ms)


Started POST "/urls" for 127.0.0.1 at 2020-05-06 12:52:37 +0530
Processing by UrlsController#create as JS
  Parameters: {"utf8"=>"✓", "url"=>{"original"=>""}, "commit"=>"Minify"}
  [1m[35m (0.1ms)[0m  begin transaction
  [1m[36m (0.1ms)[0m  [1mrollback transaction[0m
  Rendered urls/_minified_url.html.haml (4.0ms)
  Rendered urls/create.js.haml (9.9ms)
Completed 500 Internal Server Error in 19ms

ActionView::Template::Error (No route matches {:action=>"show", :checksum=>nil, :controller=>"urls"} missing required keys: [:checksum]):
    2:   %p #{@url.errors.full_messages}
    3: - else
    4:   %p Here is your minified url
    5:   .bold= @url.minify
  app/models/url.rb:8:in `minify'
  app/views/urls/_minified_url.html.haml:5:in `_app_views_urls__minified_url_html_haml___4199073821140190705_70326548300460'
  app/views/urls/create.js.haml:1:in `_app_views_urls_create_js_haml__1424941457842128912_70326550683480'


  Rendered /home/sambhav/.rvm/gems/ruby-2.3.1/gems/actionpack-4.1.2/lib/action_dispatch/middleware/templates/rescues/_trace.text.erb (0.7ms)
  Rendered /home/sambhav/.rvm/gems/ruby-2.3.1/gems/actionpack-4.1.2/lib/action_dispatch/middleware/templates/rescues/_request_and_response.text.erb (1.7ms)
  Rendered /home/sambhav/.rvm/gems/ruby-2.3.1/gems/actionpack-4.1.2/lib/action_dispatch/middleware/templates/rescues/template_error.text.erb (13.9ms)


Started GET "/" for 127.0.0.1 at 2020-05-06 12:52:39 +0530
Processing by UrlsController#new as HTML
  Rendered urls/new.html.haml within layouts/application (1.4ms)
Completed 200 OK in 26ms (Views: 25.6ms | ActiveRecord: 0.0ms)


Started GET "/assets/application.self-3afaab9b30d7ced1287b89b3c811bdd5df225185aadfac69d243d9a7f866faf4.css?body=1" for 127.0.0.1 at 2020-05-06 12:52:39 +0530


Started POST "/urls" for 127.0.0.1 at 2020-05-06 12:52:40 +0530
Processing by UrlsController#create as JS
  Parameters: {"utf8"=>"✓", "url"=>{"original"=>""}, "commit"=>"Minify"}
  [1m[35m (0.1ms)[0m  begin transaction
  [1m[36m (0.1ms)[0m  [1mrollback transaction[0m
  Rendered urls/_minified_url.html.haml (4.3ms)
  Rendered urls/create.js.haml (7.8ms)
Completed 500 Internal Server Error in 13ms

ActionView::Template::Error (No route matches {:action=>"show", :checksum=>nil, :controller=>"urls"} missing required keys: [:checksum]):
    2:   %p #{@url.errors.full_messages}
    3: - else
    4:   %p Here is your minified url
    5:   .bold= @url.minify
  app/models/url.rb:8:in `minify'
  app/views/urls/_minified_url.html.haml:5:in `_app_views_urls__minified_url_html_haml___4199073821140190705_70326548300460'
  app/views/urls/create.js.haml:1:in `_app_views_urls_create_js_haml__1424941457842128912_70326550683480'


  Rendered /home/sambhav/.rvm/gems/ruby-2.3.1/gems/actionpack-4.1.2/lib/action_dispatch/middleware/templates/rescues/_trace.text.erb (0.8ms)
  Rendered /home/sambhav/.rvm/gems/ruby-2.3.1/gems/actionpack-4.1.2/lib/action_dispatch/middleware/templates/rescues/_request_and_response.text.erb (1.8ms)
  Rendered /home/sambhav/.rvm/gems/ruby-2.3.1/gems/actionpack-4.1.2/lib/action_dispatch/middleware/templates/rescues/template_error.text.erb (14.1ms)


Started POST "/urls" for 127.0.0.1 at 2020-05-06 12:52:41 +0530
Processing by UrlsController#create as JS
  Parameters: {"utf8"=>"✓", "url"=>{"original"=>""}, "commit"=>"Minify"}
  [1m[35m (0.1ms)[0m  begin transaction
  [1m[36m (0.1ms)[0m  [1mrollback transaction[0m
  Rendered urls/_minified_url.html.haml (4.3ms)
  Rendered urls/create.js.haml (7.7ms)
Completed 500 Internal Server Error in 13ms

ActionView::Template::Error (No route matches {:action=>"show", :checksum=>nil, :controller=>"urls"} missing required keys: [:checksum]):
    2:   %p #{@url.errors.full_messages}
    3: - else
    4:   %p Here is your minified url
    5:   .bold= @url.minify
  app/models/url.rb:8:in `minify'
  app/views/urls/_minified_url.html.haml:5:in `_app_views_urls__minified_url_html_haml___4199073821140190705_70326548300460'
  app/views/urls/create.js.haml:1:in `_app_views_urls_create_js_haml__1424941457842128912_70326550683480'


  Rendered /home/sambhav/.rvm/gems/ruby-2.3.1/gems/actionpack-4.1.2/lib/action_dispatch/middleware/templates/rescues/_trace.text.erb (1.4ms)
  Rendered /home/sambhav/.rvm/gems/ruby-2.3.1/gems/actionpack-4.1.2/lib/action_dispatch/middleware/templates/rescues/_request_and_response.text.erb (1.2ms)
  Rendered /home/sambhav/.rvm/gems/ruby-2.3.1/gems/actionpack-4.1.2/lib/action_dispatch/middleware/templates/rescues/template_error.text.erb (15.0ms)


Started POST "/urls" for 127.0.0.1 at 2020-05-06 12:52:41 +0530
Processing by UrlsController#create as JS
  Parameters: {"utf8"=>"✓", "url"=>{"original"=>""}, "commit"=>"Minify"}
  [1m[35m (0.1ms)[0m  begin transaction
  [1m[36m (0.1ms)[0m  [1mrollback transaction[0m
  Rendered urls/_minified_url.html.haml (3.6ms)
  Rendered urls/create.js.haml (7.7ms)
Completed 500 Internal Server Error in 14ms

ActionView::Template::Error (No route matches {:action=>"show", :checksum=>nil, :controller=>"urls"} missing required keys: [:checksum]):
    2:   %p #{@url.errors.full_messages}
    3: - else
    4:   %p Here is your minified url
    5:   .bold= @url.minify
  app/models/url.rb:8:in `minify'
  app/views/urls/_minified_url.html.haml:5:in `_app_views_urls__minified_url_html_haml___4199073821140190705_70326548300460'
  app/views/urls/create.js.haml:1:in `_app_views_urls_create_js_haml__1424941457842128912_70326550683480'


  Rendered /home/sambhav/.rvm/gems/ruby-2.3.1/gems/actionpack-4.1.2/lib/action_dispatch/middleware/templates/rescues/_trace.text.erb (0.8ms)
  Rendered /home/sambhav/.rvm/gems/ruby-2.3.1/gems/actionpack-4.1.2/lib/action_dispatch/middleware/templates/rescues/_request_and_response.text.erb (1.9ms)
  Rendered /home/sambhav/.rvm/gems/ruby-2.3.1/gems/actionpack-4.1.2/lib/action_dispatch/middleware/templates/rescues/template_error.text.erb (14.4ms)


Started POST "/urls" for 127.0.0.1 at 2020-05-06 12:52:41 +0530
Processing by UrlsController#create as JS
  Parameters: {"utf8"=>"✓", "url"=>{"original"=>""}, "commit"=>"Minify"}
  [1m[35m (0.1ms)[0m  begin transaction
  [1m[36m (0.1ms)[0m  [1mrollback transaction[0m
  Rendered urls/_minified_url.html.haml (3.6ms)
  Rendered urls/create.js.haml (7.8ms)
Completed 500 Internal Server Error in 15ms

ActionView::Template::Error (No route matches {:action=>"show", :checksum=>nil, :controller=>"urls"} missing required keys: [:checksum]):
    2:   %p #{@url.errors.full_messages}
    3: - else
    4:   %p Here is your minified url
    5:   .bold= @url.minify
  app/models/url.rb:8:in `minify'
  app/views/urls/_minified_url.html.haml:5:in `_app_views_urls__minified_url_html_haml___4199073821140190705_70326548300460'
  app/views/urls/create.js.haml:1:in `_app_views_urls_create_js_haml__1424941457842128912_70326550683480'


  Rendered /home/sambhav/.rvm/gems/ruby-2.3.1/gems/actionpack-4.1.2/lib/action_dispatch/middleware/templates/rescues/_trace.text.erb (0.7ms)
  Rendered /home/sambhav/.rvm/gems/ruby-2.3.1/gems/actionpack-4.1.2/lib/action_dispatch/middleware/templates/rescues/_request_and_response.text.erb (1.1ms)
  Rendered /home/sambhav/.rvm/gems/ruby-2.3.1/gems/actionpack-4.1.2/lib/action_dispatch/middleware/templates/rescues/template_error.text.erb (14.4ms)


Started POST "/urls" for 127.0.0.1 at 2020-05-06 12:52:42 +0530
Processing by UrlsController#create as JS
  Parameters: {"utf8"=>"✓", "url"=>{"original"=>""}, "commit"=>"Minify"}
  [1m[35m (0.2ms)[0m  begin transaction
  [1m[36m (0.1ms)[0m  [1mrollback transaction[0m
  Rendered urls/_minified_url.html.haml (3.6ms)
  Rendered urls/create.js.haml (7.9ms)
Completed 500 Internal Server Error in 15ms

ActionView::Template::Error (No route matches {:action=>"show", :checksum=>nil, :controller=>"urls"} missing required keys: [:checksum]):
    2:   %p #{@url.errors.full_messages}
    3: - else
    4:   %p Here is your minified url
    5:   .bold= @url.minify
  app/models/url.rb:8:in `minify'
  app/views/urls/_minified_url.html.haml:5:in `_app_views_urls__minified_url_html_haml___4199073821140190705_70326548300460'
  app/views/urls/create.js.haml:1:in `_app_views_urls_create_js_haml__1424941457842128912_70326550683480'


  Rendered /home/sambhav/.rvm/gems/ruby-2.3.1/gems/actionpack-4.1.2/lib/action_dispatch/middleware/templates/rescues/_trace.text.erb (0.7ms)
  Rendered /home/sambhav/.rvm/gems/ruby-2.3.1/gems/actionpack-4.1.2/lib/action_dispatch/middleware/templates/rescues/_request_and_response.text.erb (1.3ms)
  Rendered /home/sambhav/.rvm/gems/ruby-2.3.1/gems/actionpack-4.1.2/lib/action_dispatch/middleware/templates/rescues/template_error.text.erb (14.5ms)


Started POST "/urls" for 127.0.0.1 at 2020-05-06 12:55:02 +0530
Processing by UrlsController#create as JS
  Parameters: {"utf8"=>"✓", "url"=>{"original"=>""}, "commit"=>"Minify"}
  [1m[35m (0.1ms)[0m  begin transaction
  [1m[36m (0.0ms)[0m  [1mrollback transaction[0m
  Rendered urls/_minified_url.html.haml (3.1ms)
  Rendered urls/create.js.haml (6.9ms)
Completed 200 OK in 12ms (Views: 11.0ms | ActiveRecord: 0.2ms)


Started POST "/urls" for 127.0.0.1 at 2020-05-06 12:55:03 +0530
Processing by UrlsController#create as JS
  Parameters: {"utf8"=>"✓", "url"=>{"original"=>""}, "commit"=>"Minify"}
  [1m[35m (0.1ms)[0m  begin transaction
  [1m[36m (0.1ms)[0m  [1mrollback transaction[0m
  Rendered urls/_minified_url.html.haml (0.1ms)
  Rendered urls/create.js.haml (3.9ms)
Completed 200 OK in 10ms (Views: 8.7ms | ActiveRecord: 0.1ms)


Started POST "/urls" for 127.0.0.1 at 2020-05-06 12:55:08 +0530
Processing by UrlsController#create as JS
  Parameters: {"utf8"=>"✓", "url"=>{"original"=>"https://www.google.com/search?client=ubuntu&channel=fs&q=large+url&ie=utf-8&oe=utf-8"}, "commit"=>"Minify"}
  [1m[35m (0.1ms)[0m  begin transaction
  [1m[36mSQL (0.2ms)[0m  [1mINSERT INTO "urls" ("checksum", "created_at", "original", "updated_at") VALUES (?, ?, ?, ?)[0m  [["checksum", "zkye2zqq"], ["created_at", "2020-05-06 07:25:08.369685"], ["original", "http://google.com/search?client=ubuntu&channel=fs&q=large+url&ie=utf-8&oe=utf-8"], ["updated_at", "2020-05-06 07:25:08.369685"]]
  [1m[35m (455.2ms)[0m  commit transaction
  Rendered urls/_minified_url.html.haml (0.4ms)
  Rendered urls/create.js.haml (4.1ms)
Completed 200 OK in 469ms (Views: 11.2ms | ActiveRecord: 455.5ms)


Started POST "/urls" for 127.0.0.1 at 2020-05-06 12:55:12 +0530
Processing by UrlsController#create as JS
  Parameters: {"utf8"=>"✓", "url"=>{"original"=>""}, "commit"=>"Minify"}
  [1m[36m (0.1ms)[0m  [1mbegin transaction[0m
  [1m[35m (0.1ms)[0m  rollback transaction
  Rendered urls/_minified_url.html.haml (0.1ms)
  Rendered urls/create.js.haml (3.8ms)
Completed 200 OK in 9ms (Views: 8.0ms | ActiveRecord: 0.1ms)


Started POST "/urls" for 127.0.0.1 at 2020-05-06 12:55:37 +0530
Processing by UrlsController#create as JS
  Parameters: {"utf8"=>"✓", "url"=>{"original"=>""}, "commit"=>"Minify"}
  [1m[36m (0.1ms)[0m  [1mbegin transaction[0m
  [1m[35m (0.1ms)[0m  rollback transaction
  Rendered urls/_minified_url.html.haml (1.8ms)
  Rendered urls/create.js.haml (5.7ms)
Completed 200 OK in 13ms (Views: 10.7ms | ActiveRecord: 0.2ms)


Started POST "/urls" for 127.0.0.1 at 2020-05-06 12:55:38 +0530
Processing by UrlsController#create as JS
  Parameters: {"utf8"=>"✓", "url"=>{"original"=>""}, "commit"=>"Minify"}
  [1m[36m (0.1ms)[0m  [1mbegin transaction[0m
  [1m[35m (0.1ms)[0m  rollback transaction
  Rendered urls/_minified_url.html.haml (0.1ms)
  Rendered urls/create.js.haml (3.7ms)
Completed 200 OK in 9ms (Views: 7.8ms | ActiveRecord: 0.1ms)


Started POST "/urls" for 127.0.0.1 at 2020-05-06 12:55:39 +0530
Processing by UrlsController#create as JS
  Parameters: {"utf8"=>"✓", "url"=>{"original"=>""}, "commit"=>"Minify"}
  [1m[36m (0.1ms)[0m  [1mbegin transaction[0m
  [1m[35m (0.1ms)[0m  rollback transaction
  Rendered urls/_minified_url.html.haml (0.1ms)
  Rendered urls/create.js.haml (4.6ms)
Completed 200 OK in 14ms (Views: 11.5ms | ActiveRecord: 0.3ms)


Started POST "/urls" for 127.0.0.1 at 2020-05-06 12:55:39 +0530
Processing by UrlsController#create as JS
  Parameters: {"utf8"=>"✓", "url"=>{"original"=>""}, "commit"=>"Minify"}
  [1m[36m (0.2ms)[0m  [1mbegin transaction[0m
  [1m[35m (0.1ms)[0m  rollback transaction
  Rendered urls/_minified_url.html.haml (0.1ms)
  Rendered urls/create.js.haml (5.5ms)
Completed 200 OK in 20ms (Views: 17.7ms | ActiveRecord: 0.3ms)


Started POST "/urls" for 127.0.0.1 at 2020-05-06 12:55:40 +0530
Processing by UrlsController#create as JS
  Parameters: {"utf8"=>"✓", "url"=>{"original"=>""}, "commit"=>"Minify"}
  [1m[36m (0.2ms)[0m  [1mbegin transaction[0m
  [1m[35m (0.1ms)[0m  rollback transaction
  Rendered urls/_minified_url.html.haml (0.1ms)
  Rendered urls/create.js.haml (3.5ms)
Completed 200 OK in 9ms (Views: 7.4ms | ActiveRecord: 0.2ms)


Started POST "/urls" for 127.0.0.1 at 2020-05-06 12:55:44 +0530
Processing by UrlsController#create as JS
  Parameters: {"utf8"=>"✓", "url"=>{"original"=>"dfdsfssdfd"}, "commit"=>"Minify"}
  [1m[36m (0.1ms)[0m  [1mbegin transaction[0m
  [1m[35mSQL (0.2ms)[0m  INSERT INTO "urls" ("checksum", "created_at", "original", "updated_at") VALUES (?, ?, ?, ?)  [["checksum", "beajwphf"], ["created_at", "2020-05-06 07:25:44.635025"], ["original", "http://dfdsfssdfd"], ["updated_at", "2020-05-06 07:25:44.635025"]]
  [1m[36m (248.0ms)[0m  [1mcommit transaction[0m
  Rendered urls/_minified_url.html.haml (0.7ms)
  Rendered urls/create.js.haml (10.6ms)
Completed 200 OK in 271ms (Views: 21.2ms | ActiveRecord: 248.3ms)
